<?xml version="1.0" encoding="UTF-8"?>
<!-- Generated by org.testng.reporters.JUnitReportReporter -->
<testsuite hostname="DESKTOP-I8PR897" name="com.dataprovider.Sample" tests="3" failures="0" timestamp="13 Apr 2021 04:41:14 GMT" time="49.847" errors="0">
  <testcase name="test1" time="13.096" classname="com.dataprovider.Sample"/>
  <testcase name="test1" time="13.093" classname="com.dataprovider.Sample"/>
  <testcase name="test1" time="23.658" classname="com.dataprovider.Sample"/>
</testsuite> <!-- com.dataprovider.Sample -->
