<?xml version="1.0" encoding="UTF-8"?>
<!-- Generated by org.testng.reporters.JUnitReportReporter -->
<testsuite hostname="DESKTOP-I8PR897" name="com.testng.sel.Login" tests="8" failures="0" timestamp="25 Mar 2021 16:58:08 GMT" time="0.204" errors="0">
  <testcase name="test2" time="0.031" classname="com.testng.sel.Login"/>
  <testcase name="test7" time="0.034" classname="com.testng.sel.Login"/>
  <testcase name="test3" time="0.062" classname="com.testng.sel.Login"/>
  <testcase name="test8" time="0.010" classname="com.testng.sel.Login"/>
  <testcase name="test1" time="0.027" classname="com.testng.sel.Login"/>
  <testcase name="test5" time="0.006" classname="com.testng.sel.Login"/>
  <testcase name="test6" time="0.008" classname="com.testng.sel.Login"/>
  <testcase name="test4" time="0.026" classname="com.testng.sel.Login"/>
</testsuite> <!-- com.testng.sel.Login -->
