<?xml version="1.0" encoding="UTF-8"?>
<!-- Generated by org.testng.reporters.JUnitReportReporter -->
<testsuite hostname="DESKTOP-I8PR897" name="com.testng.Executionflow" tests="2" failures="0" timestamp="26 Apr 2021 19:32:39 GMT" time="0.047" errors="0">
  <testcase name="test6" time="0.032" classname="com.testng.Executionflow"/>
  <testcase name="test3" time="0.015" classname="com.testng.Executionflow"/>
</testsuite> <!-- com.testng.Executionflow -->
