<?xml version="1.0" encoding="UTF-8"?>
<!-- Generated by org.testng.reporters.JUnitReportReporter -->
<testsuite hostname="DESKTOP-I8PR897" name="com.testng.Executionflow" tests="2" failures="0" timestamp="25 Apr 2021 16:29:34 GMT" time="0.020" errors="0">
  <testcase name="test6" time="0.009" classname="com.testng.Executionflow"/>
  <testcase name="test3" time="0.011" classname="com.testng.Executionflow"/>
</testsuite> <!-- com.testng.Executionflow -->
