<?xml version="1.0" encoding="UTF-8"?>
<!-- Generated by org.testng.reporters.JUnitReportReporter -->
<testsuite hostname="DESKTOP-I8PR897" name="com.testng.sel.Example" tests="5" failures="0" timestamp="25 Mar 2021 16:34:59 GMT" time="0.095" errors="0">
  <testcase name="test2" time="0.047" classname="com.testng.sel.Example"/>
  <testcase name="test3" time="0.016" classname="com.testng.sel.Example"/>
  <testcase name="test7" time="0.000" classname="com.testng.sel.Example"/>
  <testcase name="test4" time="0.032" classname="com.testng.sel.Example"/>
  <testcase name="test21" time="0.000" classname="com.testng.sel.Example"/>
</testsuite> <!-- com.testng.sel.Example -->
