<?xml version="1.0" encoding="UTF-8"?>
<!-- Generated by org.testng.reporters.JUnitReportReporter -->
<testsuite hostname="DESKTOP-I8PR897" name="com.testng.Demo" tests="4" failures="0" timestamp="25 Mar 2021 16:59:26 GMT" time="0.069" errors="0">
  <testcase name="testZ" time="0.055" classname="com.testng.Demo"/>
  <testcase name="testX" time="0.009" classname="com.testng.Demo"/>
  <testcase name="test5" time="0.004" classname="com.testng.Demo"/>
  <testcase name="testY" time="0.001" classname="com.testng.Demo"/>
</testsuite> <!-- com.testng.Demo -->
