<?xml version="1.0" encoding="UTF-8"?>
<!-- Generated by org.testng.reporters.JUnitReportReporter -->
<testsuite hostname="DESKTOP-I8PR897" name="com.testng.Sample" tests="2" failures="0" timestamp="25 Mar 2021 11:31:57 GMT" time="15.872" errors="0">
  <testcase name="test1" time="11.623" classname="com.testng.Sample"/>
  <testcase name="test1" time="4.249" classname="com.testng.Sample"/>
</testsuite> <!-- com.testng.Sample -->
